nothing to read
[[?1034h«<V-3.2$ ]nothing to read
[ls -lah
total 32
drwxr-xr-x   16 slukash  staff   512B Dec 28 16:10 .
drwxr-x---@ 148 slukash  staff   4.6K Dec 29 14:04 ..
drwxr-xr-x   12 slukash  staff   384B Dec 29 13:56 .git
-rw-r--r--@   1 slukash  staff     6B Dec 22 14:00 .gitignore
-rw-r--r--@   1 slukash  staff     0B Dec 21 14:44 LICENSE
-rw-r--r--@   1 slukash  staff    71B Dec 22 14:35 Makefile
-rw-r--r--    1 slukash  staff     0B Dec 21 14:44 README.md
-rw-r--r--    1 slukash  staff    16B Dec 29 14:04 bestty.log
drwxr-xr-x    6 slukash  staff   192B Dec 29 14:04 build
drwxr-xr-x    2 slukash  staff    64B Dec 22 13:59 docs
drwxr-xr-x    2 slukash  staff    64B Dec 22 15:53 lib
-rw-r--r--@   1 slukash  staff   382B Dec 22 14:18 project.json
drwxr-xr-x    2 slukash  staff    64B Dec 22 13:59 resources
drwxr-xr-x    2 slukash  staff    64B Dec 22 13:59 scripts
drwxr-xr-x    5 slukash  staff   160B Dec 29 12:59 src
drwxr-xr-x    2 slukash  staff    64B Dec 22 13:59 test
«<V-3.2$ ]